{
  "Unit Tests": {
    "coverage": {
      "/home/fabricio_oliveira/work/rubyspace/tp_ optimistic_unique/app/controllers/tp_ optimistic_unique/check_controller.rb": [
        null,
        1,
        1,
        1,
        null,
        null,
        1,
        1,
        0,
        null,
        1,
        null,
        null,
        1,
        null,
        1,
        2,
        null,
        null,
        1,
        0,
        null,
        null,
        1,
        0,
        0,
        null,
        0,
        null,
        null,
        1,
        1,
        1,
        0,
        0,
        null,
        null,
        1,
        0,
        0,
        null,
        null
      ],
      "/home/fabricio_oliveira/work/rubyspace/tp_ optimistic_unique/app/helper/tp_ optimistic_unique/data_base_helper.rb": [
        null,
        null,
        1,
        1,
        0,
        0,
        null,
        null
      ],
      "/home/fabricio_oliveira/work/rubyspace/tp_ optimistic_unique/app/helper/tp_ optimistic_unique/service_helper.rb": [
        null,
        1,
        null,
        1,
        1,
        1,
        1,
        1,
        1,
        1,
        1,
        0,
        null,
        null,
        0,
        null,
        null
      ],
      "/home/fabricio_oliveira/work/rubyspace/tp_ optimistic_unique/lib/tp_ optimistic_unique.rb": [
        0,
        0,
        0,
        0,
        0
      ],
      "/home/fabricio_oliveira/work/rubyspace/tp_ optimistic_unique/lib/tp_ optimistic_unique/version.rb": [
        0,
        0,
        0,
        0
      ],
      "/home/fabricio_oliveira/work/rubyspace/tp_ optimistic_unique/lib/tp_ optimistic_unique/engine.rb": [
        0,
        0
      ]
    },
    "timestamp": 1487621159
  },
  "RSpec": {
    "coverage": {
      "/home/fabricio_oliveira/work/rubyspace/tp_optmistic_unique/app/helper/tp_optimistic_unique/unique.rb": [
        0,
        0,
        0,
        0,
        0,
        0,
        0,
        0,
        0
      ],
      "/home/fabricio_oliveira/work/rubyspace/tp_optmistic_unique/lib/tp_optimistic_unique/version.rb": [
        0,
        0,
        0,
        0
      ],
      "/home/fabricio_oliveira/work/rubyspace/tp_optmistic_unique/lib/tp_optimistic_unique/engine.rb": [
        0,
        0
      ],
      "/home/fabricio_oliveira/work/rubyspace/tp_optmistic_unique/lib/tp_optimistic_unique.rb": [
        0,
        0,
        0,
        0,
        0
      ]
    },
    "timestamp": 1489109381
  }
}
